INFO:__main__:Started
INFO:src.learning.behavior_cloning:Total Samples: 40276
INFO:src.learning.behavior_cloning:Observation Shape: torch.Size([36248, 52]) (Input)
INFO:src.learning.behavior_cloning:Action Target Shape: torch.Size([36248, 12]) (Output)
INFO:src.learning.behavior_cloning:Starting Imitation Learning Training...
INFO:src.learning.behavior_cloning:Epoch 1/200, Loss: 28.644727, Val Loss: 5.637967
INFO:src.learning.behavior_cloning:Epoch 2/200, Loss: 4.792540, Val Loss: 4.776764
INFO:src.learning.behavior_cloning:Epoch 3/200, Loss: 4.210393, Val Loss: 3.999752
INFO:src.learning.behavior_cloning:Epoch 4/200, Loss: 3.906765, Val Loss: 3.723767
INFO:src.learning.behavior_cloning:Epoch 5/200, Loss: 3.636428, Val Loss: 3.618113
INFO:src.learning.behavior_cloning:Epoch 6/200, Loss: 3.292373, Val Loss: 3.747308
INFO:src.learning.behavior_cloning:Epoch 7/200, Loss: 3.077996, Val Loss: 3.166677
INFO:src.learning.behavior_cloning:Epoch 8/200, Loss: 2.795540, Val Loss: 2.595266
INFO:src.learning.behavior_cloning:Epoch 9/200, Loss: 2.589205, Val Loss: 2.701882
INFO:src.learning.behavior_cloning:Epoch 10/200, Loss: 2.314599, Val Loss: 3.071933
INFO:src.learning.behavior_cloning:Epoch 11/200, Loss: 2.059254, Val Loss: 1.716547
INFO:src.learning.behavior_cloning:Epoch 12/200, Loss: 1.872974, Val Loss: 1.913512
INFO:src.learning.behavior_cloning:Epoch 13/200, Loss: 1.712732, Val Loss: 1.627235
INFO:src.learning.behavior_cloning:Epoch 14/200, Loss: 1.563064, Val Loss: 1.434706
INFO:src.learning.behavior_cloning:Epoch 15/200, Loss: 1.423129, Val Loss: 1.423962
INFO:src.learning.behavior_cloning:Epoch 16/200, Loss: 1.361838, Val Loss: 1.343038
INFO:src.learning.behavior_cloning:Epoch 17/200, Loss: 1.322645, Val Loss: 2.183780
INFO:src.learning.behavior_cloning:Epoch 18/200, Loss: 1.229919, Val Loss: 1.418332
INFO:src.learning.behavior_cloning:Epoch 19/200, Loss: 1.121997, Val Loss: 1.179645
INFO:src.learning.behavior_cloning:Epoch 20/200, Loss: 1.177968, Val Loss: 1.249111
INFO:src.learning.behavior_cloning:Epoch 21/200, Loss: 1.005685, Val Loss: 1.258695
INFO:src.learning.behavior_cloning:Epoch 22/200, Loss: 1.011882, Val Loss: 0.899221
INFO:src.learning.behavior_cloning:Epoch 23/200, Loss: 0.975754, Val Loss: 0.932488
INFO:src.learning.behavior_cloning:Epoch 24/200, Loss: 0.917327, Val Loss: 1.022785
INFO:src.learning.behavior_cloning:Epoch 25/200, Loss: 0.990110, Val Loss: 1.002094
INFO:src.learning.behavior_cloning:Epoch 26/200, Loss: 0.823521, Val Loss: 0.884713
INFO:src.learning.behavior_cloning:Epoch 27/200, Loss: 0.791427, Val Loss: 0.943569
INFO:src.learning.behavior_cloning:Epoch 28/200, Loss: 0.831389, Val Loss: 0.896401
INFO:src.learning.behavior_cloning:Epoch 29/200, Loss: 0.848152, Val Loss: 0.773928
INFO:src.learning.behavior_cloning:Epoch 30/200, Loss: 0.823125, Val Loss: 0.757804
INFO:src.learning.behavior_cloning:Epoch 31/200, Loss: 0.739478, Val Loss: 0.986684
INFO:src.learning.behavior_cloning:Epoch 32/200, Loss: 0.715907, Val Loss: 0.706200
INFO:src.learning.behavior_cloning:Epoch 33/200, Loss: 0.692241, Val Loss: 0.904417
INFO:src.learning.behavior_cloning:Epoch 34/200, Loss: 0.708859, Val Loss: 0.589382
INFO:src.learning.behavior_cloning:Epoch 35/200, Loss: 0.633170, Val Loss: 0.705628
INFO:src.learning.behavior_cloning:Epoch 36/200, Loss: 0.668227, Val Loss: 0.713104
INFO:src.learning.behavior_cloning:Epoch 37/200, Loss: 0.617662, Val Loss: 0.767051
INFO:src.learning.behavior_cloning:Epoch 38/200, Loss: 0.633965, Val Loss: 0.868414
INFO:src.learning.behavior_cloning:Epoch 39/200, Loss: 0.569579, Val Loss: 0.629646
INFO:src.learning.behavior_cloning:Epoch 40/200, Loss: 0.578873, Val Loss: 0.747859
INFO:src.learning.behavior_cloning:Epoch 41/200, Loss: 0.584945, Val Loss: 0.637844
INFO:src.learning.behavior_cloning:Epoch 42/200, Loss: 0.577259, Val Loss: 0.562314
INFO:src.learning.behavior_cloning:Epoch 43/200, Loss: 0.544845, Val Loss: 0.634851
INFO:src.learning.behavior_cloning:Epoch 44/200, Loss: 0.524549, Val Loss: 0.531255
INFO:src.learning.behavior_cloning:Epoch 45/200, Loss: 0.529859, Val Loss: 0.522343
INFO:src.learning.behavior_cloning:Epoch 46/200, Loss: 0.528815, Val Loss: 0.560383
INFO:src.learning.behavior_cloning:Epoch 47/200, Loss: 0.487719, Val Loss: 0.532386
INFO:src.learning.behavior_cloning:Epoch 48/200, Loss: 0.485483, Val Loss: 0.636071
INFO:src.learning.behavior_cloning:Epoch 49/200, Loss: 0.470264, Val Loss: 0.723755
INFO:src.learning.behavior_cloning:Epoch 50/200, Loss: 0.490609, Val Loss: 0.489963
INFO:src.learning.behavior_cloning:Epoch 51/200, Loss: 0.454387, Val Loss: 0.428017
INFO:src.learning.behavior_cloning:Epoch 52/200, Loss: 0.469368, Val Loss: 0.549789
INFO:src.learning.behavior_cloning:Epoch 53/200, Loss: 0.452448, Val Loss: 0.541279
INFO:src.learning.behavior_cloning:Epoch 54/200, Loss: 0.474095, Val Loss: 0.534456
INFO:src.learning.behavior_cloning:Epoch 55/200, Loss: 0.428407, Val Loss: 0.412343
INFO:src.learning.behavior_cloning:Epoch 56/200, Loss: 0.518856, Val Loss: 0.639396
INFO:src.learning.behavior_cloning:Epoch 57/200, Loss: 0.383503, Val Loss: 0.447793
INFO:src.learning.behavior_cloning:Epoch 58/200, Loss: 0.413039, Val Loss: 0.464407
INFO:src.learning.behavior_cloning:Epoch 59/200, Loss: 0.572429, Val Loss: 0.477234
INFO:src.learning.behavior_cloning:Epoch 60/200, Loss: 0.353172, Val Loss: 0.608137
INFO:src.learning.behavior_cloning:Epoch 61/200, Loss: 0.399939, Val Loss: 0.496966
INFO:src.learning.behavior_cloning:Epoch 62/200, Loss: 0.438471, Val Loss: 0.399417
INFO:src.learning.behavior_cloning:Epoch 63/200, Loss: 0.356223, Val Loss: 0.442973
INFO:src.learning.behavior_cloning:Epoch 64/200, Loss: 0.324151, Val Loss: 0.518252
INFO:src.learning.behavior_cloning:Epoch 65/200, Loss: 0.419384, Val Loss: 0.646515
INFO:src.learning.behavior_cloning:Epoch 66/200, Loss: 0.382691, Val Loss: 0.480707
INFO:src.learning.behavior_cloning:Epoch 67/200, Loss: 0.347570, Val Loss: 0.471101
INFO:src.learning.behavior_cloning:Epoch 68/200, Loss: 0.349570, Val Loss: 0.363441
INFO:src.learning.behavior_cloning:Epoch 69/200, Loss: 0.301942, Val Loss: 0.490047
INFO:src.learning.behavior_cloning:Epoch 70/200, Loss: 0.405990, Val Loss: 0.561665
INFO:src.learning.behavior_cloning:Epoch 71/200, Loss: 0.328521, Val Loss: 0.362092
INFO:src.learning.behavior_cloning:Epoch 72/200, Loss: 0.363941, Val Loss: 0.704413
INFO:src.learning.behavior_cloning:Epoch 73/200, Loss: 0.383856, Val Loss: 0.377043
INFO:src.learning.behavior_cloning:Epoch 74/200, Loss: 0.339523, Val Loss: 0.579311
INFO:src.learning.behavior_cloning:Epoch 75/200, Loss: 0.470326, Val Loss: 0.400039
INFO:src.learning.behavior_cloning:Epoch 76/200, Loss: 0.294045, Val Loss: 0.445956
INFO:src.learning.behavior_cloning:Epoch 77/200, Loss: 0.306068, Val Loss: 0.381790
INFO:src.learning.behavior_cloning:Epoch 78/200, Loss: 0.272660, Val Loss: 0.360790
INFO:src.learning.behavior_cloning:Epoch 79/200, Loss: 0.332585, Val Loss: 0.845208
INFO:src.learning.behavior_cloning:Epoch 80/200, Loss: 0.343555, Val Loss: 0.410993
INFO:src.learning.behavior_cloning:Epoch 81/200, Loss: 0.299331, Val Loss: 0.460729
INFO:src.learning.behavior_cloning:Epoch 82/200, Loss: 0.338960, Val Loss: 0.424136
INFO:src.learning.behavior_cloning:Epoch 83/200, Loss: 0.313523, Val Loss: 0.387998
INFO:src.learning.behavior_cloning:Epoch 84/200, Loss: 0.216976, Val Loss: 0.394512
INFO:src.learning.behavior_cloning:Epoch 85/200, Loss: 0.256281, Val Loss: 0.585876
INFO:src.learning.behavior_cloning:Epoch 86/200, Loss: 0.296100, Val Loss: 0.361440
INFO:src.learning.behavior_cloning:Epoch 87/200, Loss: 0.341344, Val Loss: 0.342525
INFO:src.learning.behavior_cloning:Epoch 88/200, Loss: 0.274704, Val Loss: 1.123188
INFO:src.learning.behavior_cloning:Epoch 89/200, Loss: 0.427512, Val Loss: 0.413291
INFO:src.learning.behavior_cloning:Epoch 90/200, Loss: 0.296010, Val Loss: 0.534302
INFO:src.learning.behavior_cloning:Epoch 91/200, Loss: 0.339564, Val Loss: 0.532145
INFO:src.learning.behavior_cloning:Epoch 92/200, Loss: 0.294837, Val Loss: 0.317806
INFO:src.learning.behavior_cloning:Epoch 93/200, Loss: 0.260332, Val Loss: 0.324125
INFO:src.learning.behavior_cloning:Epoch 94/200, Loss: 0.254609, Val Loss: 0.454030
INFO:src.learning.behavior_cloning:Epoch 95/200, Loss: 0.262020, Val Loss: 0.314004
INFO:src.learning.behavior_cloning:Epoch 96/200, Loss: 0.354422, Val Loss: 0.514319
INFO:src.learning.behavior_cloning:Epoch 97/200, Loss: 0.284485, Val Loss: 0.305432
INFO:src.learning.behavior_cloning:Epoch 98/200, Loss: 0.230743, Val Loss: 0.446187
INFO:src.learning.behavior_cloning:Epoch 99/200, Loss: 0.284008, Val Loss: 0.324247
INFO:src.learning.behavior_cloning:Epoch 100/200, Loss: 0.244304, Val Loss: 0.304788
INFO:src.learning.behavior_cloning:Epoch 101/200, Loss: 0.215807, Val Loss: 0.413090
INFO:src.learning.behavior_cloning:Epoch 102/200, Loss: 0.356028, Val Loss: 0.348219
INFO:src.learning.behavior_cloning:Epoch 103/200, Loss: 0.233149, Val Loss: 0.305332
INFO:src.learning.behavior_cloning:Epoch 104/200, Loss: 0.210356, Val Loss: 0.265176
INFO:src.learning.behavior_cloning:Epoch 105/200, Loss: 0.235358, Val Loss: 0.380263
INFO:src.learning.behavior_cloning:Epoch 106/200, Loss: 0.358266, Val Loss: 0.326184
INFO:src.learning.behavior_cloning:Epoch 107/200, Loss: 0.196379, Val Loss: 0.307544
INFO:src.learning.behavior_cloning:Epoch 108/200, Loss: 0.225769, Val Loss: 0.378136
INFO:src.learning.behavior_cloning:Epoch 109/200, Loss: 0.342804, Val Loss: 0.348151
INFO:src.learning.behavior_cloning:Epoch 110/200, Loss: 0.237349, Val Loss: 0.260985
INFO:src.learning.behavior_cloning:Epoch 111/200, Loss: 0.272093, Val Loss: 0.470173
INFO:src.learning.behavior_cloning:Epoch 112/200, Loss: 0.216090, Val Loss: 0.317573
INFO:src.learning.behavior_cloning:Epoch 113/200, Loss: 0.219912, Val Loss: 0.469276
INFO:src.learning.behavior_cloning:Epoch 114/200, Loss: 0.278897, Val Loss: 0.429587
INFO:src.learning.behavior_cloning:Epoch 115/200, Loss: 0.247374, Val Loss: 0.540932
INFO:src.learning.behavior_cloning:Epoch 116/200, Loss: 0.208097, Val Loss: 0.384536
INFO:src.learning.behavior_cloning:Epoch 117/200, Loss: 0.241733, Val Loss: 0.370369
INFO:src.learning.behavior_cloning:Epoch 118/200, Loss: 0.227184, Val Loss: 0.794472
INFO:src.learning.behavior_cloning:Epoch 119/200, Loss: 0.262643, Val Loss: 0.375004
INFO:src.learning.behavior_cloning:Epoch 120/200, Loss: 0.215622, Val Loss: 0.281341
INFO:src.learning.behavior_cloning:Epoch 121/200, Loss: 0.215537, Val Loss: 0.364575
INFO:src.learning.behavior_cloning:Epoch 122/200, Loss: 0.191680, Val Loss: 0.323050
INFO:src.learning.behavior_cloning:Epoch 123/200, Loss: 0.258266, Val Loss: 0.325228
INFO:src.learning.behavior_cloning:Epoch 124/200, Loss: 0.354300, Val Loss: 0.388940
INFO:src.learning.behavior_cloning:Epoch 125/200, Loss: 0.149274, Val Loss: 0.287603
INFO:src.learning.behavior_cloning:Epoch 126/200, Loss: 0.224717, Val Loss: 0.264911
INFO:src.learning.behavior_cloning:Epoch 127/200, Loss: 0.223013, Val Loss: 0.320502
INFO:src.learning.behavior_cloning:Epoch 128/200, Loss: 0.197381, Val Loss: 0.338151
INFO:src.learning.behavior_cloning:Epoch 129/200, Loss: 0.181625, Val Loss: 0.293982
INFO:src.learning.behavior_cloning:Epoch 130/200, Loss: 0.227959, Val Loss: 0.380528
INFO:src.learning.behavior_cloning:Epoch 131/200, Loss: 0.258316, Val Loss: 0.410737
INFO:src.learning.behavior_cloning:Epoch 132/200, Loss: 0.180539, Val Loss: 0.267153
INFO:src.learning.behavior_cloning:Epoch 133/200, Loss: 0.215844, Val Loss: 0.451987
INFO:src.learning.behavior_cloning:Epoch 134/200, Loss: 0.160289, Val Loss: 0.340939
INFO:src.learning.behavior_cloning:Epoch 135/200, Loss: 0.203434, Val Loss: 0.342568
INFO:src.learning.behavior_cloning:Epoch 136/200, Loss: 0.230745, Val Loss: 0.360274
INFO:src.learning.behavior_cloning:Epoch 137/200, Loss: 0.205720, Val Loss: 0.567155
INFO:src.learning.behavior_cloning:Epoch 138/200, Loss: 0.222623, Val Loss: 0.384605
INFO:src.learning.behavior_cloning:Epoch 139/200, Loss: 0.230730, Val Loss: 0.263063
INFO:src.learning.behavior_cloning:Epoch 140/200, Loss: 0.168400, Val Loss: 0.263758
INFO:src.learning.behavior_cloning:Epoch 141/200, Loss: 0.214498, Val Loss: 0.354250
INFO:src.learning.behavior_cloning:Epoch 142/200, Loss: 0.179057, Val Loss: 0.455420
INFO:src.learning.behavior_cloning:Epoch 143/200, Loss: 0.210375, Val Loss: 1.302830
INFO:src.learning.behavior_cloning:Epoch 144/200, Loss: 0.269893, Val Loss: 0.248696
INFO:src.learning.behavior_cloning:Epoch 145/200, Loss: 0.154419, Val Loss: 0.353506
INFO:src.learning.behavior_cloning:Epoch 146/200, Loss: 0.174363, Val Loss: 0.339679
INFO:src.learning.behavior_cloning:Epoch 147/200, Loss: 0.197334, Val Loss: 0.299561
INFO:src.learning.behavior_cloning:Epoch 148/200, Loss: 0.242906, Val Loss: 0.403829
INFO:src.learning.behavior_cloning:Epoch 149/200, Loss: 0.181664, Val Loss: 0.390076
INFO:src.learning.behavior_cloning:Epoch 150/200, Loss: 0.243934, Val Loss: 0.562395
INFO:src.learning.behavior_cloning:Epoch 151/200, Loss: 0.279001, Val Loss: 0.439301
INFO:src.learning.behavior_cloning:Epoch 152/200, Loss: 0.137663, Val Loss: 0.222019
INFO:src.learning.behavior_cloning:Epoch 153/200, Loss: 0.156290, Val Loss: 0.313095
INFO:src.learning.behavior_cloning:Epoch 154/200, Loss: 0.187758, Val Loss: 0.310344
INFO:src.learning.behavior_cloning:Epoch 155/200, Loss: 0.240482, Val Loss: 0.411374
INFO:src.learning.behavior_cloning:Epoch 156/200, Loss: 0.188169, Val Loss: 0.328680
INFO:src.learning.behavior_cloning:Epoch 157/200, Loss: 0.210864, Val Loss: 0.367784
INFO:src.learning.behavior_cloning:Epoch 158/200, Loss: 0.136344, Val Loss: 0.322926
INFO:src.learning.behavior_cloning:Epoch 159/200, Loss: 0.185583, Val Loss: 0.274011
INFO:src.learning.behavior_cloning:Epoch 160/200, Loss: 0.263116, Val Loss: 0.357496
INFO:src.learning.behavior_cloning:Epoch 161/200, Loss: 0.144299, Val Loss: 0.272012
INFO:src.learning.behavior_cloning:Epoch 162/200, Loss: 0.156430, Val Loss: 0.492691
INFO:src.learning.behavior_cloning:Epoch 163/200, Loss: 0.305880, Val Loss: 0.241668
INFO:src.learning.behavior_cloning:Epoch 164/200, Loss: 0.091875, Val Loss: 0.258792
INFO:src.learning.behavior_cloning:Epoch 165/200, Loss: 0.182253, Val Loss: 0.271326
INFO:src.learning.behavior_cloning:Epoch 166/200, Loss: 0.148817, Val Loss: 0.257289
INFO:src.learning.behavior_cloning:Epoch 167/200, Loss: 0.164244, Val Loss: 0.355382
INFO:src.learning.behavior_cloning:Epoch 168/200, Loss: 0.166136, Val Loss: 0.264157
INFO:src.learning.behavior_cloning:Epoch 169/200, Loss: 0.153405, Val Loss: 0.281032
INFO:src.learning.behavior_cloning:Epoch 170/200, Loss: 0.254045, Val Loss: 0.271209
INFO:src.learning.behavior_cloning:Epoch 171/200, Loss: 0.178011, Val Loss: 0.256063
INFO:src.learning.behavior_cloning:Epoch 172/200, Loss: 0.153065, Val Loss: 0.324682
INFO:src.learning.behavior_cloning:Epoch 173/200, Loss: 0.132274, Val Loss: 0.286513
INFO:src.learning.behavior_cloning:Epoch 174/200, Loss: 0.108275, Val Loss: 0.349035
INFO:src.learning.behavior_cloning:Epoch 175/200, Loss: 0.382819, Val Loss: 0.395418
INFO:src.learning.behavior_cloning:Epoch 176/200, Loss: 0.263272, Val Loss: 0.336370
INFO:src.learning.behavior_cloning:Epoch 177/200, Loss: 0.203498, Val Loss: 0.744856
INFO:src.learning.behavior_cloning:Epoch 178/200, Loss: 0.190642, Val Loss: 0.287163
INFO:src.learning.behavior_cloning:Epoch 179/200, Loss: 0.271505, Val Loss: 0.282536
INFO:src.learning.behavior_cloning:Epoch 180/200, Loss: 0.139585, Val Loss: 0.258337
INFO:src.learning.behavior_cloning:Epoch 181/200, Loss: 0.193947, Val Loss: 0.330084
INFO:src.learning.behavior_cloning:Epoch 182/200, Loss: 0.205315, Val Loss: 0.254610
INFO:src.learning.behavior_cloning:Epoch 183/200, Loss: 0.172968, Val Loss: 0.346406
INFO:src.learning.behavior_cloning:Epoch 184/200, Loss: 0.138356, Val Loss: 0.243169
INFO:src.learning.behavior_cloning:Epoch 185/200, Loss: 0.231323, Val Loss: 0.473461
INFO:src.learning.behavior_cloning:Epoch 186/200, Loss: 0.189060, Val Loss: 0.277466
INFO:src.learning.behavior_cloning:Epoch 187/200, Loss: 0.114289, Val Loss: 0.283688
INFO:src.learning.behavior_cloning:Epoch 188/200, Loss: 0.105173, Val Loss: 0.278301
INFO:src.learning.behavior_cloning:Epoch 189/200, Loss: 0.212950, Val Loss: 0.497780
INFO:src.learning.behavior_cloning:Epoch 190/200, Loss: 0.192800, Val Loss: 0.252132
INFO:src.learning.behavior_cloning:Epoch 191/200, Loss: 0.191058, Val Loss: 0.252301
INFO:src.learning.behavior_cloning:Epoch 192/200, Loss: 0.137125, Val Loss: 0.357478
INFO:src.learning.behavior_cloning:Epoch 193/200, Loss: 0.215169, Val Loss: 0.297193
INFO:src.learning.behavior_cloning:Epoch 194/200, Loss: 0.166957, Val Loss: 0.307731
INFO:src.learning.behavior_cloning:Epoch 195/200, Loss: 0.201025, Val Loss: 0.275059
INFO:src.learning.behavior_cloning:Epoch 196/200, Loss: 0.120402, Val Loss: 0.234170
INFO:src.learning.behavior_cloning:Epoch 197/200, Loss: 0.125665, Val Loss: 0.267698
INFO:src.learning.behavior_cloning:Epoch 198/200, Loss: 0.231428, Val Loss: 0.274566
INFO:src.learning.behavior_cloning:Epoch 199/200, Loss: 0.114861, Val Loss: 0.249970
INFO:src.learning.behavior_cloning:Epoch 200/200, Loss: 0.163907, Val Loss: 0.390714
INFO:src.learning.behavior_cloning:Model weights saved to behavior_cloning-1764115380.7233655.pt
INFO:__main__:Finished
